<?xml version="1.0" encoding="UTF-8"?>
<!-- Generated by org.testng.reporters.JUnitXMLReporter -->
<testsuite ignored="0" hostname="DESKTOP-LFDAFUI" failures="0" tests="4" name="Test" time="5.156" errors="0" timestamp="2023-08-18T07:23:31 IST">
  <testcase classname="com.APIChains.CreateUser" name="test_CreateUser" time="4.255"/>
  <testcase classname="com.APIChains.GetUser" name="test_getUser" time="0.32"/>
  <testcase classname="com.APIChains.UpdateUser" name="test_updateuser" time="0.307"/>
  <testcase classname="com.APIChains.DeleteUser" name="test_deleteUser" time="0.189"/>
</testsuite> <!-- Test -->
